nagios pi

apt update 
apt full upgrade 
sudo apt install -y autoconf build-essential wget unzip apache2 apache2-utils php libgd-dev snmp libnet-snmp-perl gettext libssl-dev wget bc gawk dc libmcrypt-dev
cd /tmp
wget -O nagios.tar.gz https://github.com/NagiosEnterprises/nagioscore/archive/nagios-4.4.6.tar.gz
tar tar xzf nagios.tar.gz
cd /tmp/nagioscore-nagios-4.4.6/
./configure --with-httpd-conf=/etc/apache2/sites-enabled
make all

make install-groups-users
sudo usermod -a -G nagios www-data
sudo make install
sudo make install-daemoninit
sudo make install-commandmode
sudo make install-config
sudo make install-webconf
sudo a2enmod rewrite
sudo a2enmod cgi
sudo htpasswd -c /usr/local/nagios/etc/htpasswd.users nagiosadmin
sudo systemctl restart apache2
sudo systemctl start nagios
sudo systemctl enable nagios
cd /tmp
wget -O nagios-plugins.tar.gz https://github.com/nagios-plugins/nagios-plugins/releases/download/release-2.3.3/nagios-plugins-2.3.3.tar.gz
tar zxf nagios-plugins.tar.gz
cd /tmp/nagios-plugins-2.3.3
./configure
make
sudo make install
sudo systemctl restart nagios
